<?xml version="1.0" encoding="UTF-8" ?>
<testsuite errors="0" failures="0" hostname="Inkavitama" name="kavitama.ExpressionEvaluator.OperationsTest" skipped="0" tests="5" time="0.103" timestamp="2014-01-24T09:02:11">
  <properties>
    <property name="ant.project.invoked-targets" value="createZip" />
    <property name="java.runtime.name" value="Java(TM) SE Runtime Environment" />
    <property name="ant.file.type.ExpEval" value="file" />
    <property name="sun.boot.library.path" value="c:\Program Files\Java\jdk1.7.0_45\jre\bin" />
    <property name="java.vm.version" value="24.45-b08" />
    <property name="ant.library.dir" value="d:/Installers/apache-ant-1.9.3-bin/apache-ant-1.9.3/lib" />
    <property name="ant.version" value="Apache Ant(TM) version 1.9.3 compiled on December 23 2013" />
    <property name="ant.java.version" value="1.7" />
    <property name="java.vm.vendor" value="Oracle Corporation" />
    <property name="java.vendor.url" value="http://java.oracle.com/" />
    <property name="path.separator" value=";" />
    <property name="java.vm.name" value="Java HotSpot(TM) 64-Bit Server VM" />
    <property name="file.encoding.pkg" value="sun.io" />
    <property name="user.script" value="" />
    <property name="user.country" value="US" />
    <property name="sun.java.launcher" value="SUN_STANDARD" />
    <property name="sun.os.patch.level" value="Service Pack 1" />
    <property name="java.vm.specification.name" value="Java Virtual Machine Specification" />
    <property name="user.dir" value="d:\projects\expression-evaluator" />
    <property name="java.runtime.version" value="1.7.0_45-b18" />
    <property name="java.awt.graphicsenv" value="sun.awt.Win32GraphicsEnvironment" />
    <property name="basedir" value="d:\projects\expression-evaluator" />
    <property name="java.endorsed.dirs" value="c:\Program Files\Java\jdk1.7.0_45\jre\lib\endorsed" />
    <property name="os.arch" value="amd64" />
    <property name="ant.project.default-target" value="createZip" />
    <property name="java.io.tmpdir" value="C:\Users\kavitama\AppData\Local\Temp\" />
    <property name="ant.core.lib" value="d:\Installers\apache-ant-1.9.3-bin\apache-ant-1.9.3\lib\ant.jar" />
    <property name="line.separator" value="&#xd;&#xa;" />
    <property name="java.vm.specification.vendor" value="Oracle Corporation" />
    <property name="user.variant" value="" />
    <property name="os.name" value="Windows 7" />
    <property name="ant.home" value="d:/Installers/apache-ant-1.9.3-bin/apache-ant-1.9.3" />
    <property name="ant.project.name" value="ExpEval" />
    <property name="sun.jnu.encoding" value="Cp1252" />
    <property name="java.library.path" value="c:\Program Files\Java\jdk1.7.0_45\jre\bin;C:\windows\Sun\Java\bin;C:\windows\system32;C:\windows;c:\Users\kavitama\bin;.;C:\Program Files (x86)\Git\local\bin;C:\Program Files (x86)\Git\mingw\bin;C:\Program Files (x86)\Git\bin;c:\Program Files (x86)\RSA SecurID Token Common;c:\windows\system32;c:\windows;c:\windows\System32\Wbem;c:\windows\System32\WindowsPowerShell\v1.0\;c:\Program Files (x86)\Common Files\Roxio Shared\10.0\DLLShared\;c:\Program Files (x86)\Common Files\Roxio Shared\DLLShared\;c:\Program Files\TortoiseSVN\bin;c:\Program Files\Google\Google Apps Migration\;c:\Program Files\Google\Google Apps Sync\;c:\Program Files\nodejs\;d:\cygnus\cygwin-b20\H-i586-cygwin32\bin\;d:\Installers\apache-ant-1.9.3-bin\apache-ant-1.9.3\bin;c:\Program Files\Java\jdk1.7.0_45\bin;c:\Users\kavitama\AppData\Roaming\npm;d:\projects\unix-tools\unix-tools;d:\projects\exp\bin;d:\projects\unix-tools\unix-tools\bin;d:\Installers\cobertura-2.0.3-bin\cobertura-2.0.3;.;." />
    <property name="java.class.version" value="51.0" />
    <property name="java.specification.name" value="Java Platform API Specification" />
    <property name="sun.management.compiler" value="HotSpot 64-Bit Tiered Compilers" />
    <property name="os.version" value="6.1" />
    <property name="ant.file.ExpEval" value="d:\projects\expression-evaluator\build.xml" />
    <property name="ant.file" value="d:\projects\expression-evaluator\build.xml" />
    <property name="user.home" value="C:\Users\kavitama" />
    <property name="user.timezone" value="" />
    <property name="java.awt.printerjob" value="sun.awt.windows.WPrinterJob" />
    <property name="file.encoding" value="Cp1252" />
    <property name="java.specification.version" value="1.7" />
    <property name="user.name" value="kavitama" />
    <property name="java.class.path" value="d:\projects\expression-evaluator\build\code-coverage\instrumented;d:\projects\expression-evaluator\build\src;d:\projects\expression-evaluator\build\test;d:\projects\expression-evaluator\ExternalLibraries\cobertura-2.0.1.jar;d:\projects\expression-evaluator\ExternalLibraries\junit-4.10.jar;d:\projects\expression-evaluator\ExternalLibraries\lib\asm-4.1.jar;d:\projects\expression-evaluator\ExternalLibraries\lib\asm-analysis-4.1.jar;d:\projects\expression-evaluator\ExternalLibraries\lib\asm-commons-4.1.jar;d:\projects\expression-evaluator\ExternalLibraries\lib\asm-tree-4.1.jar;d:\projects\expression-evaluator\ExternalLibraries\lib\asm-util-4.1.jar;d:\projects\expression-evaluator\ExternalLibraries\lib\dom4j-1.6.1.jar;d:\projects\expression-evaluator\ExternalLibraries\lib\icu4j-2.6.1.jar;d:\projects\expression-evaluator\ExternalLibraries\lib\javax.servlet-3.0.0.v201112011016.jar;d:\projects\expression-evaluator\ExternalLibraries\lib\jaxen-1.1-beta-8.jar;d:\projects\expression-evaluator\ExternalLibraries\lib\jdom-1.0.jar;d:\projects\expression-evaluator\ExternalLibraries\lib\log4j-1.2.9.jar;d:\projects\expression-evaluator\ExternalLibraries\lib\oro-2.0.8.jar;d:\projects\expression-evaluator\ExternalLibraries\lib\tagsoup-0.9.7.jar;d:\projects\expression-evaluator\ExternalLibraries\lib\xmlParserAPIs-2.6.2.jar;d:\projects\expression-evaluator\ExternalLibraries\lib\xom-1.0b3.jar;d:\Installers\apache-ant-1.9.3-bin\apache-ant-1.9.3\lib\junit-4.10.jar;D:\Installers\apache-ant-1.9.3-bin\apache-ant-1.9.3\lib\ant-launcher.jar;d:\Installers\apache-ant-1.9.3-bin\apache-ant-1.9.3\lib\ant.jar;d:\Installers\apache-ant-1.9.3-bin\apache-ant-1.9.3\lib\ant-junit.jar;d:\Installers\apache-ant-1.9.3-bin\apache-ant-1.9.3\lib\ant-junit4.jar" />
    <property name="java.vm.specification.version" value="1.7" />
    <property name="sun.java.command" value="org.apache.tools.ant.taskdefs.optional.junit.JUnitTestRunner kavitama.ExpressionEvaluator.OperationsTest skipNonTests=false filtertrace=true haltOnError=false haltOnFailure=false showoutput=false outputtoformatters=true logfailedtests=true logtestlistenerevents=false formatter=org.apache.tools.ant.taskdefs.optional.junit.XMLJUnitResultFormatter,d:\projects\expression-evaluator\build\code-coverage\reports\xml\TEST-kavitama.ExpressionEvaluator.OperationsTest.xml crashfile=d:\projects\expression-evaluator\junitvmwatcher4863629166616507310.properties propsfile=d:\projects\expression-evaluator\junit8051929387702169152.properties" />
    <property name="java.home" value="c:\Program Files\Java\jdk1.7.0_45\jre" />
    <property name="sun.arch.data.model" value="64" />
    <property name="java.specification.vendor" value="Oracle Corporation" />
    <property name="user.language" value="en" />
    <property name="awt.toolkit" value="sun.awt.windows.WToolkit" />
    <property name="java.vm.info" value="mixed mode" />
    <property name="java.version" value="1.7.0_45" />
    <property name="java.ext.dirs" value="c:\Program Files\Java\jdk1.7.0_45\jre\lib\ext;C:\windows\Sun\Java\lib\ext" />
    <property name="sun.boot.class.path" value="c:\Program Files\Java\jdk1.7.0_45\jre\lib\resources.jar;c:\Program Files\Java\jdk1.7.0_45\jre\lib\rt.jar;c:\Program Files\Java\jdk1.7.0_45\jre\lib\sunrsasign.jar;c:\Program Files\Java\jdk1.7.0_45\jre\lib\jsse.jar;c:\Program Files\Java\jdk1.7.0_45\jre\lib\jce.jar;c:\Program Files\Java\jdk1.7.0_45\jre\lib\charsets.jar;c:\Program Files\Java\jdk1.7.0_45\jre\lib\jfr.jar;c:\Program Files\Java\jdk1.7.0_45\jre\classes" />
    <property name="java.vendor" value="Oracle Corporation" />
    <property name="file.separator" value="\" />
    <property name="java.vendor.url.bug" value="http://bugreport.sun.com/bugreport/" />
    <property name="sun.cpu.endian" value="little" />
    <property name="sun.io.unicode.encoding" value="UnicodeLittle" />
    <property name="ant.file.type" value="file" />
    <property name="sun.desktop" value="windows" />
    <property name="sun.cpu.isalist" value="amd64" />
  </properties>
  <testcase classname="kavitama.ExpressionEvaluator.OperationsTest" name="SubstractTwoIntNumber" time="0.001" />
  <testcase classname="kavitama.ExpressionEvaluator.OperationsTest" name="divideTwoIntNumber" time="0.0" />
  <testcase classname="kavitama.ExpressionEvaluator.OperationsTest" name="getPowerOfIntNumber" time="0.0" />
  <testcase classname="kavitama.ExpressionEvaluator.OperationsTest" name="addWillAddTwodoubleNumber" time="0.0" />
  <testcase classname="kavitama.ExpressionEvaluator.OperationsTest" name="MultiplyTwoIntNumber" time="0.0" />
  <system-out><![CDATA[]]></system-out>
  <system-err><![CDATA[]]></system-err>
</testsuite>
